gauss
0.5
0.5
0.0313185208769512
time:59.04536151885986
1
1
0.02244251806337817
time:73.94610834121704
1.5
1.5
0.01823715165471422
time:78.22993350028992
2
2
0.015758599880278324
time:91.38969039916992
3
3
0.012741556767490203
time:115.94839882850647
binary
0.5
0.031235001938017187
time:69.24614930152893
0.5
1
0.022191695833086354
time:90.31304407119751
1
1.5
0.018160705517418572
time:88.05212783813477
1.5
2
0.015776676441234004
time:110.16107702255249
2
3
0.012695389172465363
time:133.14079403877258
3
